2020/04/11 16:25:56 [emerg] 1#1: unexpected end of file, expecting ";" or "}" in /etc/nginx/conf.d/wordpress.conf:32
2020/04/11 16:25:57 [emerg] 1#1: unexpected end of file, expecting ";" or "}" in /etc/nginx/conf.d/wordpress.conf:32
2020/04/11 16:25:57 [emerg] 1#1: unexpected end of file, expecting ";" or "}" in /etc/nginx/conf.d/wordpress.conf:32
2020/04/11 16:25:58 [emerg] 1#1: unexpected end of file, expecting ";" or "}" in /etc/nginx/conf.d/wordpress.conf:32
2020/04/11 16:26:00 [emerg] 1#1: unexpected end of file, expecting ";" or "}" in /etc/nginx/conf.d/wordpress.conf:32
2020/04/11 16:26:02 [emerg] 1#1: unexpected end of file, expecting ";" or "}" in /etc/nginx/conf.d/wordpress.conf:32
2020/04/11 16:26:06 [emerg] 1#1: unexpected end of file, expecting ";" or "}" in /etc/nginx/conf.d/wordpress.conf:32
2020/04/11 16:26:12 [emerg] 1#1: unexpected end of file, expecting ";" or "}" in /etc/nginx/conf.d/wordpress.conf:32
2020/04/11 16:26:26 [emerg] 1#1: unexpected end of file, expecting ";" or "}" in /etc/nginx/conf.d/wordpress.conf:32
2020/04/11 16:26:52 [emerg] 1#1: unexpected end of file, expecting ";" or "}" in /etc/nginx/conf.d/wordpress.conf:32
2020/04/11 16:27:44 [emerg] 1#1: unexpected end of file, expecting ";" or "}" in /etc/nginx/conf.d/wordpress.conf:32
2020/04/11 16:28:44 [emerg] 1#1: unexpected end of file, expecting ";" or "}" in /etc/nginx/conf.d/wordpress.conf:33
2020/04/11 16:29:06 [emerg] 1#1: unexpected end of file, expecting ";" or "}" in /etc/nginx/conf.d/wordpress.conf:33
2020/04/11 16:29:06 [emerg] 1#1: unexpected end of file, expecting ";" or "}" in /etc/nginx/conf.d/wordpress.conf:33
2020/04/11 16:29:07 [emerg] 1#1: unexpected end of file, expecting ";" or "}" in /etc/nginx/conf.d/wordpress.conf:33
2020/04/11 16:29:08 [emerg] 1#1: unexpected end of file, expecting ";" or "}" in /etc/nginx/conf.d/wordpress.conf:33
2020/04/11 16:29:09 [emerg] 1#1: unexpected end of file, expecting ";" or "}" in /etc/nginx/conf.d/wordpress.conf:33
2020/04/11 16:29:11 [emerg] 1#1: unexpected end of file, expecting ";" or "}" in /etc/nginx/conf.d/wordpress.conf:33
2020/04/11 16:29:15 [emerg] 1#1: unexpected end of file, expecting ";" or "}" in /etc/nginx/conf.d/wordpress.conf:33
2020/04/11 16:29:22 [emerg] 1#1: unexpected end of file, expecting ";" or "}" in /etc/nginx/conf.d/wordpress.conf:33
2020/04/11 16:29:35 [emerg] 1#1: unexpected end of file, expecting ";" or "}" in /etc/nginx/conf.d/wordpress.conf:31
2020/04/11 16:30:01 [emerg] 1#1: unexpected end of file, expecting ";" or "}" in /etc/nginx/conf.d/wordpress.conf:31
2020/04/11 16:30:32 [emerg] 1#1: unexpected end of file, expecting ";" or "}" in /etc/nginx/conf.d/wordpress.conf:31
2020/04/11 16:30:33 [emerg] 1#1: unexpected end of file, expecting ";" or "}" in /etc/nginx/conf.d/wordpress.conf:31
2020/04/11 16:30:33 [emerg] 1#1: unexpected end of file, expecting ";" or "}" in /etc/nginx/conf.d/wordpress.conf:31
2020/04/11 16:30:34 [emerg] 1#1: unexpected end of file, expecting ";" or "}" in /etc/nginx/conf.d/wordpress.conf:31
2020/04/11 16:30:35 [emerg] 1#1: unexpected end of file, expecting ";" or "}" in /etc/nginx/conf.d/wordpress.conf:31
2020/04/11 16:30:38 [emerg] 1#1: unexpected end of file, expecting ";" or "}" in /etc/nginx/conf.d/wordpress.conf:31
2020/04/11 16:30:41 [emerg] 1#1: unexpected end of file, expecting ";" or "}" in /etc/nginx/conf.d/wordpress.conf:31
2020/04/11 16:30:48 [emerg] 1#1: unexpected end of file, expecting ";" or "}" in /etc/nginx/conf.d/wordpress.conf:31
2020/04/11 16:31:01 [emerg] 1#1: unexpected end of file, expecting ";" or "}" in /etc/nginx/conf.d/wordpress.conf:31
2020/04/11 16:31:28 [emerg] 1#1: unexpected end of file, expecting ";" or "}" in /etc/nginx/conf.d/wordpress.conf:31
2020/04/11 16:32:19 [emerg] 1#1: unexpected end of file, expecting ";" or "}" in /etc/nginx/conf.d/wordpress.conf:31
2020/04/11 16:33:20 [emerg] 1#1: unexpected end of file, expecting ";" or "}" in /etc/nginx/conf.d/wordpress.conf:31
2020/04/11 16:34:20 [emerg] 1#1: unexpected end of file, expecting ";" or "}" in /etc/nginx/conf.d/wordpress.conf:31
2020/04/11 16:35:21 [emerg] 1#1: unexpected end of file, expecting ";" or "}" in /etc/nginx/conf.d/wordpress.conf:31
2020/04/11 16:36:21 [emerg] 1#1: unexpected end of file, expecting ";" or "}" in /etc/nginx/conf.d/wordpress.conf:31
2020/04/11 16:37:22 [emerg] 1#1: unexpected end of file, expecting ";" or "}" in /etc/nginx/conf.d/wordpress.conf:31
2020/04/11 16:38:22 [emerg] 1#1: unexpected end of file, expecting ";" or "}" in /etc/nginx/conf.d/wordpress.conf:51
2020/04/11 16:38:40 [emerg] 1#1: unexpected end of file, expecting ";" or "}" in /etc/nginx/conf.d/wordpress.conf:51
2020/04/11 16:38:40 [emerg] 1#1: unexpected end of file, expecting ";" or "}" in /etc/nginx/conf.d/wordpress.conf:51
2020/04/11 16:38:41 [emerg] 1#1: unexpected end of file, expecting ";" or "}" in /etc/nginx/conf.d/wordpress.conf:51
2020/04/11 16:38:42 [emerg] 1#1: unexpected end of file, expecting ";" or "}" in /etc/nginx/conf.d/wordpress.conf:51
2020/04/11 16:38:43 [emerg] 1#1: unexpected end of file, expecting ";" or "}" in /etc/nginx/conf.d/wordpress.conf:51
2020/04/11 16:38:45 [emerg] 1#1: unexpected end of file, expecting ";" or "}" in /etc/nginx/conf.d/wordpress.conf:51
2020/04/11 16:38:49 [emerg] 1#1: unexpected end of file, expecting ";" or "}" in /etc/nginx/conf.d/wordpress.conf:51
2020/04/11 16:38:56 [emerg] 1#1: unexpected end of file, expecting ";" or "}" in /etc/nginx/conf.d/wordpress.conf:51
2020/04/11 16:39:09 [emerg] 1#1: unexpected end of file, expecting ";" or "}" in /etc/nginx/conf.d/wordpress.conf:51
2020/04/11 16:39:36 [emerg] 1#1: unexpected end of file, expecting ";" or "}" in /etc/nginx/conf.d/wordpress.conf:51
2020/04/11 16:40:27 [emerg] 1#1: unexpected end of file, expecting ";" or "}" in /etc/nginx/conf.d/wordpress.conf:50
2020/04/11 16:40:46 [emerg] 1#1: unexpected end of file, expecting ";" or "}" in /etc/nginx/conf.d/wordpress.conf:50
2020/04/11 16:40:47 [emerg] 1#1: unexpected end of file, expecting ";" or "}" in /etc/nginx/conf.d/wordpress.conf:50
2020/04/11 16:40:47 [emerg] 1#1: unexpected end of file, expecting ";" or "}" in /etc/nginx/conf.d/wordpress.conf:50
2020/04/11 16:40:48 [emerg] 1#1: unexpected end of file, expecting ";" or "}" in /etc/nginx/conf.d/wordpress.conf:50
2020/04/11 16:40:49 [emerg] 1#1: unexpected end of file, expecting ";" or "}" in /etc/nginx/conf.d/wordpress.conf:50
2020/04/11 16:40:51 [emerg] 1#1: unexpected end of file, expecting ";" or "}" in /etc/nginx/conf.d/wordpress.conf:50
2020/04/11 16:40:55 [emerg] 1#1: unexpected end of file, expecting ";" or "}" in /etc/nginx/conf.d/wordpress.conf:50
2020/04/11 16:41:02 [emerg] 1#1: unexpected end of file, expecting ";" or "}" in /etc/nginx/conf.d/wordpress.conf:50
2020/04/11 16:41:15 [emerg] 1#1: unexpected end of file, expecting ";" or "}" in /etc/nginx/conf.d/wordpress.conf:50
2020/04/11 16:41:41 [emerg] 1#1: unexpected end of file, expecting ";" or "}" in /etc/nginx/conf.d/wordpress.conf:50
2020/04/11 16:42:33 [emerg] 1#1: unexpected end of file, expecting ";" or "}" in /etc/nginx/conf.d/wordpress.conf:50
2020/04/11 16:43:34 [emerg] 1#1: unexpected end of file, expecting ";" or "}" in /etc/nginx/conf.d/wordpress.conf:50
2020/04/11 16:44:34 [emerg] 1#1: unexpected end of file, expecting ";" or "}" in /etc/nginx/conf.d/wordpress.conf:50
2020/04/11 16:45:35 [emerg] 1#1: unexpected end of file, expecting ";" or "}" in /etc/nginx/conf.d/wordpress.conf:50
2020/04/11 16:46:35 [emerg] 1#1: unexpected end of file, expecting ";" or "}" in /etc/nginx/conf.d/wordpress.conf:50
2020/04/11 16:47:36 [emerg] 1#1: cannot load certificate "/etc/wordpress-https/nginx/my-site.com.crt": BIO_new_file() failed (SSL: error:02001002:system library:fopen:No such file or directory:fopen('/etc/wordpress-https/nginx/my-site.com.crt','r') error:2006D080:BIO routines:BIO_new_file:no such file)
2020/04/11 16:47:58 [emerg] 1#1: cannot load certificate "/etc/wordpress-https/nginx/my-site.com.crt": BIO_new_file() failed (SSL: error:02001002:system library:fopen:No such file or directory:fopen('/etc/wordpress-https/nginx/my-site.com.crt','r') error:2006D080:BIO routines:BIO_new_file:no such file)
2020/04/11 16:47:59 [emerg] 1#1: cannot load certificate "/etc/wordpress-https/nginx/my-site.com.crt": BIO_new_file() failed (SSL: error:02001002:system library:fopen:No such file or directory:fopen('/etc/wordpress-https/nginx/my-site.com.crt','r') error:2006D080:BIO routines:BIO_new_file:no such file)
2020/04/11 16:48:00 [emerg] 1#1: cannot load certificate "/etc/wordpress-https/nginx/my-site.com.crt": BIO_new_file() failed (SSL: error:02001002:system library:fopen:No such file or directory:fopen('/etc/wordpress-https/nginx/my-site.com.crt','r') error:2006D080:BIO routines:BIO_new_file:no such file)
2020/04/11 16:48:01 [emerg] 1#1: cannot load certificate "/etc/wordpress-https/nginx/my-site.com.crt": BIO_new_file() failed (SSL: error:02001002:system library:fopen:No such file or directory:fopen('/etc/wordpress-https/nginx/my-site.com.crt','r') error:2006D080:BIO routines:BIO_new_file:no such file)
2020/04/11 16:48:02 [emerg] 1#1: cannot load certificate "/etc/wordpress-https/nginx/my-site.com.crt": BIO_new_file() failed (SSL: error:02001002:system library:fopen:No such file or directory:fopen('/etc/wordpress-https/nginx/my-site.com.crt','r') error:2006D080:BIO routines:BIO_new_file:no such file)
2020/04/11 16:48:04 [emerg] 1#1: cannot load certificate "/etc/wordpress-https/nginx/my-site.com.crt": BIO_new_file() failed (SSL: error:02001002:system library:fopen:No such file or directory:fopen('/etc/wordpress-https/nginx/my-site.com.crt','r') error:2006D080:BIO routines:BIO_new_file:no such file)
2020/04/11 16:48:08 [emerg] 1#1: cannot load certificate "/etc/wordpress-https/nginx/my-site.com.crt": BIO_new_file() failed (SSL: error:02001002:system library:fopen:No such file or directory:fopen('/etc/wordpress-https/nginx/my-site.com.crt','r') error:2006D080:BIO routines:BIO_new_file:no such file)
2020/04/11 16:48:15 [emerg] 1#1: cannot load certificate "/etc/wordpress-https/nginx/my-site.com.crt": BIO_new_file() failed (SSL: error:02001002:system library:fopen:No such file or directory:fopen('/etc/wordpress-https/nginx/my-site.com.crt','r') error:2006D080:BIO routines:BIO_new_file:no such file)
2020/04/11 16:48:28 [emerg] 1#1: cannot load certificate "/etc/wordpress-https/nginx/my-site.com.crt": BIO_new_file() failed (SSL: error:02001002:system library:fopen:No such file or directory:fopen('/etc/wordpress-https/nginx/my-site.com.crt','r') error:2006D080:BIO routines:BIO_new_file:no such file)
2020/04/11 16:48:54 [emerg] 1#1: cannot load certificate "/etc/wordpress-https/nginx/my-site.com.crt": BIO_new_file() failed (SSL: error:02001002:system library:fopen:No such file or directory:fopen('/etc/wordpress-https/nginx/my-site.com.crt','r') error:2006D080:BIO routines:BIO_new_file:no such file)
2020/04/11 16:49:57 [emerg] 1#1: cannot load certificate "/etc/wordpress-https/nginx/my-site.com.crt": BIO_new_file() failed (SSL: error:02001002:system library:fopen:No such file or directory:fopen('/etc/wordpress-https/nginx/my-site.com.crt','r') error:2006D080:BIO routines:BIO_new_file:no such file)
2020/04/11 16:49:58 [emerg] 1#1: cannot load certificate "/etc/wordpress-https/nginx/my-site.com.crt": BIO_new_file() failed (SSL: error:02001002:system library:fopen:No such file or directory:fopen('/etc/wordpress-https/nginx/my-site.com.crt','r') error:2006D080:BIO routines:BIO_new_file:no such file)
2020/04/11 16:49:59 [emerg] 1#1: cannot load certificate "/etc/wordpress-https/nginx/my-site.com.crt": BIO_new_file() failed (SSL: error:02001002:system library:fopen:No such file or directory:fopen('/etc/wordpress-https/nginx/my-site.com.crt','r') error:2006D080:BIO routines:BIO_new_file:no such file)
2020/04/11 16:50:00 [emerg] 1#1: cannot load certificate "/etc/wordpress-https/nginx/my-site.com.crt": BIO_new_file() failed (SSL: error:02001002:system library:fopen:No such file or directory:fopen('/etc/wordpress-https/nginx/my-site.com.crt','r') error:2006D080:BIO routines:BIO_new_file:no such file)
2020/04/11 16:50:01 [emerg] 1#1: cannot load certificate "/etc/wordpress-https/nginx/my-site.com.crt": BIO_new_file() failed (SSL: error:02001002:system library:fopen:No such file or directory:fopen('/etc/wordpress-https/nginx/my-site.com.crt','r') error:2006D080:BIO routines:BIO_new_file:no such file)
2020/04/11 16:50:03 [emerg] 1#1: cannot load certificate "/etc/wordpress-https/nginx/my-site.com.crt": BIO_new_file() failed (SSL: error:02001002:system library:fopen:No such file or directory:fopen('/etc/wordpress-https/nginx/my-site.com.crt','r') error:2006D080:BIO routines:BIO_new_file:no such file)
2020/04/11 16:50:07 [emerg] 1#1: cannot load certificate "/etc/wordpress-https/nginx/my-site.com.crt": BIO_new_file() failed (SSL: error:02001002:system library:fopen:No such file or directory:fopen('/etc/wordpress-https/nginx/my-site.com.crt','r') error:2006D080:BIO routines:BIO_new_file:no such file)
2020/04/11 16:50:14 [emerg] 1#1: cannot load certificate "/etc/wordpress-https/nginx/my-site.com.crt": BIO_new_file() failed (SSL: error:02001002:system library:fopen:No such file or directory:fopen('/etc/wordpress-https/nginx/my-site.com.crt','r') error:2006D080:BIO routines:BIO_new_file:no such file)
2020/04/11 16:50:27 [emerg] 1#1: cannot load certificate "/etc/wordpress-https/nginx/my-site.com.crt": BIO_new_file() failed (SSL: error:02001002:system library:fopen:No such file or directory:fopen('/etc/wordpress-https/nginx/my-site.com.crt','r') error:2006D080:BIO routines:BIO_new_file:no such file)
2020/04/11 16:50:53 [emerg] 1#1: cannot load certificate "/etc/wordpress-https/nginx/my-site.com.crt": BIO_new_file() failed (SSL: error:02001002:system library:fopen:No such file or directory:fopen('/etc/wordpress-https/nginx/my-site.com.crt','r') error:2006D080:BIO routines:BIO_new_file:no such file)
2020/04/11 16:51:45 [emerg] 1#1: cannot load certificate "/etc/wordpress-https/nginx/my-site.com.crt": BIO_new_file() failed (SSL: error:02001002:system library:fopen:No such file or directory:fopen('/etc/wordpress-https/nginx/my-site.com.crt','r') error:2006D080:BIO routines:BIO_new_file:no such file)
2020/04/11 16:52:45 [emerg] 1#1: cannot load certificate "/etc/wordpress-https/nginx/my-site.com.crt": BIO_new_file() failed (SSL: error:02001002:system library:fopen:No such file or directory:fopen('/etc/wordpress-https/nginx/my-site.com.crt','r') error:2006D080:BIO routines:BIO_new_file:no such file)
2020/04/11 16:53:46 [emerg] 1#1: cannot load certificate "/etc/wordpress-https/nginx/my-site.com.crt": BIO_new_file() failed (SSL: error:02001002:system library:fopen:No such file or directory:fopen('/etc/wordpress-https/nginx/my-site.com.crt','r') error:2006D080:BIO routines:BIO_new_file:no such file)
2020/04/11 16:54:46 [emerg] 1#1: cannot load certificate "/etc/wordpress-https/nginx/my-site.com.crt": BIO_new_file() failed (SSL: error:02001002:system library:fopen:No such file or directory:fopen('/etc/wordpress-https/nginx/my-site.com.crt','r') error:2006D080:BIO routines:BIO_new_file:no such file)
2020/04/11 16:56:04 [emerg] 1#1: cannot load certificate "/etc/wordpress-https/nginx/my-site.com.crt": BIO_new_file() failed (SSL: error:02001002:system library:fopen:No such file or directory:fopen('/etc/wordpress-https/nginx/my-site.com.crt','r') error:2006D080:BIO routines:BIO_new_file:no such file)
2020/04/11 16:56:05 [emerg] 1#1: cannot load certificate "/etc/wordpress-https/nginx/my-site.com.crt": BIO_new_file() failed (SSL: error:02001002:system library:fopen:No such file or directory:fopen('/etc/wordpress-https/nginx/my-site.com.crt','r') error:2006D080:BIO routines:BIO_new_file:no such file)
2020/04/11 16:56:06 [emerg] 1#1: cannot load certificate "/etc/wordpress-https/nginx/my-site.com.crt": BIO_new_file() failed (SSL: error:02001002:system library:fopen:No such file or directory:fopen('/etc/wordpress-https/nginx/my-site.com.crt','r') error:2006D080:BIO routines:BIO_new_file:no such file)
2020/04/11 16:56:07 [emerg] 1#1: cannot load certificate "/etc/wordpress-https/nginx/my-site.com.crt": BIO_new_file() failed (SSL: error:02001002:system library:fopen:No such file or directory:fopen('/etc/wordpress-https/nginx/my-site.com.crt','r') error:2006D080:BIO routines:BIO_new_file:no such file)
2020/04/11 16:56:08 [emerg] 1#1: cannot load certificate "/etc/wordpress-https/nginx/my-site.com.crt": BIO_new_file() failed (SSL: error:02001002:system library:fopen:No such file or directory:fopen('/etc/wordpress-https/nginx/my-site.com.crt','r') error:2006D080:BIO routines:BIO_new_file:no such file)
2020/04/11 16:56:10 [emerg] 1#1: cannot load certificate "/etc/wordpress-https/nginx/my-site.com.crt": BIO_new_file() failed (SSL: error:02001002:system library:fopen:No such file or directory:fopen('/etc/wordpress-https/nginx/my-site.com.crt','r') error:2006D080:BIO routines:BIO_new_file:no such file)
2020/04/11 16:56:14 [emerg] 1#1: cannot load certificate "/etc/wordpress-https/nginx/my-site.com.crt": BIO_new_file() failed (SSL: error:02001002:system library:fopen:No such file or directory:fopen('/etc/wordpress-https/nginx/my-site.com.crt','r') error:2006D080:BIO routines:BIO_new_file:no such file)
2020/04/11 16:56:21 [emerg] 1#1: cannot load certificate "/etc/wordpress-https/nginx/my-site.com.crt": BIO_new_file() failed (SSL: error:02001002:system library:fopen:No such file or directory:fopen('/etc/wordpress-https/nginx/my-site.com.crt','r') error:2006D080:BIO routines:BIO_new_file:no such file)
2020/04/11 16:56:34 [emerg] 1#1: cannot load certificate "/etc/wordpress-https/nginx/my-site.com.crt": BIO_new_file() failed (SSL: error:02001002:system library:fopen:No such file or directory:fopen('/etc/wordpress-https/nginx/my-site.com.crt','r') error:2006D080:BIO routines:BIO_new_file:no such file)
2020/04/11 16:57:01 [emerg] 1#1: cannot load certificate "/etc/wordpress-https/nginx/my-site.com.crt": BIO_new_file() failed (SSL: error:02001002:system library:fopen:No such file or directory:fopen('/etc/wordpress-https/nginx/my-site.com.crt','r') error:2006D080:BIO routines:BIO_new_file:no such file)
2020/04/11 16:57:52 [emerg] 1#1: cannot load certificate "/etc/wordpress-https/nginx/my-site.com.crt": BIO_new_file() failed (SSL: error:02001002:system library:fopen:No such file or directory:fopen('/etc/wordpress-https/nginx/my-site.com.crt','r') error:2006D080:BIO routines:BIO_new_file:no such file)
2020/04/11 16:58:53 [emerg] 1#1: cannot load certificate "/etc/wordpress-https/nginx/my-site.com.crt": BIO_new_file() failed (SSL: error:02001002:system library:fopen:No such file or directory:fopen('/etc/wordpress-https/nginx/my-site.com.crt','r') error:2006D080:BIO routines:BIO_new_file:no such file)
2020/04/11 17:00:02 [emerg] 1#1: cannot load certificate "/etc/wordpress-https/nginx/my-site.com.crt": BIO_new_file() failed (SSL: error:02001002:system library:fopen:No such file or directory:fopen('/etc/wordpress-https/nginx/my-site.com.crt','r') error:2006D080:BIO routines:BIO_new_file:no such file)
2020/04/11 17:00:03 [emerg] 1#1: cannot load certificate "/etc/wordpress-https/nginx/my-site.com.crt": BIO_new_file() failed (SSL: error:02001002:system library:fopen:No such file or directory:fopen('/etc/wordpress-https/nginx/my-site.com.crt','r') error:2006D080:BIO routines:BIO_new_file:no such file)
2020/04/11 17:00:03 [emerg] 1#1: cannot load certificate "/etc/wordpress-https/nginx/my-site.com.crt": BIO_new_file() failed (SSL: error:02001002:system library:fopen:No such file or directory:fopen('/etc/wordpress-https/nginx/my-site.com.crt','r') error:2006D080:BIO routines:BIO_new_file:no such file)
2020/04/11 17:00:04 [emerg] 1#1: cannot load certificate "/etc/wordpress-https/nginx/my-site.com.crt": BIO_new_file() failed (SSL: error:02001002:system library:fopen:No such file or directory:fopen('/etc/wordpress-https/nginx/my-site.com.crt','r') error:2006D080:BIO routines:BIO_new_file:no such file)
2020/04/11 17:00:06 [emerg] 1#1: cannot load certificate "/etc/wordpress-https/nginx/my-site.com.crt": BIO_new_file() failed (SSL: error:02001002:system library:fopen:No such file or directory:fopen('/etc/wordpress-https/nginx/my-site.com.crt','r') error:2006D080:BIO routines:BIO_new_file:no such file)
2020/04/11 17:00:08 [emerg] 1#1: cannot load certificate "/etc/wordpress-https/nginx/my-site.com.crt": BIO_new_file() failed (SSL: error:02001002:system library:fopen:No such file or directory:fopen('/etc/wordpress-https/nginx/my-site.com.crt','r') error:2006D080:BIO routines:BIO_new_file:no such file)
2020/04/11 17:00:12 [emerg] 1#1: cannot load certificate "/etc/wordpress-https/nginx/my-site.com.crt": BIO_new_file() failed (SSL: error:02001002:system library:fopen:No such file or directory:fopen('/etc/wordpress-https/nginx/my-site.com.crt','r') error:2006D080:BIO routines:BIO_new_file:no such file)
2020/04/11 17:00:18 [emerg] 1#1: cannot load certificate "/etc/wordpress-https/nginx/my-site.com.crt": BIO_new_file() failed (SSL: error:02001002:system library:fopen:No such file or directory:fopen('/etc/wordpress-https/nginx/my-site.com.crt','r') error:2006D080:BIO routines:BIO_new_file:no such file)
2020/04/11 17:00:32 [emerg] 1#1: cannot load certificate "/etc/wordpress-https/nginx/my-site.com.crt": BIO_new_file() failed (SSL: error:02001002:system library:fopen:No such file or directory:fopen('/etc/wordpress-https/nginx/my-site.com.crt','r') error:2006D080:BIO routines:BIO_new_file:no such file)
2020/04/11 17:00:58 [emerg] 1#1: cannot load certificate "/etc/wordpress-https/nginx/my-site.com.crt": BIO_new_file() failed (SSL: error:02001002:system library:fopen:No such file or directory:fopen('/etc/wordpress-https/nginx/my-site.com.crt','r') error:2006D080:BIO routines:BIO_new_file:no such file)
2020/04/11 17:01:50 [emerg] 1#1: cannot load certificate "/etc/wordpress-https/nginx/my-site.com.crt": BIO_new_file() failed (SSL: error:02001002:system library:fopen:No such file or directory:fopen('/etc/wordpress-https/nginx/my-site.com.crt','r') error:2006D080:BIO routines:BIO_new_file:no such file)
2020/04/11 17:02:50 [emerg] 1#1: cannot load certificate "/etc/wordpress-https/nginx/my-site.com.crt": BIO_new_file() failed (SSL: error:02001002:system library:fopen:No such file or directory:fopen('/etc/wordpress-https/nginx/my-site.com.crt','r') error:2006D080:BIO routines:BIO_new_file:no such file)
2020/04/11 17:03:51 [emerg] 1#1: cannot load certificate "/etc/wordpress-https/nginx/my-site.com.crt": BIO_new_file() failed (SSL: error:02001002:system library:fopen:No such file or directory:fopen('/etc/wordpress-https/nginx/my-site.com.crt','r') error:2006D080:BIO routines:BIO_new_file:no such file)
2020/04/11 17:04:52 [emerg] 1#1: cannot load certificate "/etc/wordpress-https/nginx/my-site.com.crt": BIO_new_file() failed (SSL: error:02001002:system library:fopen:No such file or directory:fopen('/etc/wordpress-https/nginx/my-site.com.crt','r') error:2006D080:BIO routines:BIO_new_file:no such file)
2020/04/11 17:05:28 [emerg] 1#1: cannot load certificate "/etc/nginx/my-site.com.crt": PEM_read_bio_X509_AUX() failed (SSL: error:0909006C:PEM routines:get_name:no start line:Expecting: TRUSTED CERTIFICATE)
2020/04/11 17:05:28 [emerg] 1#1: cannot load certificate "/etc/nginx/my-site.com.crt": PEM_read_bio_X509_AUX() failed (SSL: error:0909006C:PEM routines:get_name:no start line:Expecting: TRUSTED CERTIFICATE)
2020/04/11 17:05:29 [emerg] 1#1: cannot load certificate "/etc/nginx/my-site.com.crt": PEM_read_bio_X509_AUX() failed (SSL: error:0909006C:PEM routines:get_name:no start line:Expecting: TRUSTED CERTIFICATE)
2020/04/11 17:05:30 [emerg] 1#1: cannot load certificate "/etc/nginx/my-site.com.crt": PEM_read_bio_X509_AUX() failed (SSL: error:0909006C:PEM routines:get_name:no start line:Expecting: TRUSTED CERTIFICATE)
2020/04/11 17:05:31 [emerg] 1#1: cannot load certificate "/etc/nginx/my-site.com.crt": PEM_read_bio_X509_AUX() failed (SSL: error:0909006C:PEM routines:get_name:no start line:Expecting: TRUSTED CERTIFICATE)
2020/04/11 17:05:34 [emerg] 1#1: cannot load certificate "/etc/nginx/my-site.com.crt": PEM_read_bio_X509_AUX() failed (SSL: error:0909006C:PEM routines:get_name:no start line:Expecting: TRUSTED CERTIFICATE)
2020/04/11 17:05:37 [emerg] 1#1: cannot load certificate "/etc/nginx/my-site.com.crt": PEM_read_bio_X509_AUX() failed (SSL: error:0909006C:PEM routines:get_name:no start line:Expecting: TRUSTED CERTIFICATE)
2020/04/11 17:05:44 [emerg] 1#1: cannot load certificate "/etc/nginx/my-site.com.crt": PEM_read_bio_X509_AUX() failed (SSL: error:0909006C:PEM routines:get_name:no start line:Expecting: TRUSTED CERTIFICATE)
2020/04/11 17:05:58 [emerg] 1#1: cannot load certificate "/etc/nginx/my-site.com.crt": PEM_read_bio_X509_AUX() failed (SSL: error:0909006C:PEM routines:get_name:no start line:Expecting: TRUSTED CERTIFICATE)
2020/04/11 17:06:24 [emerg] 1#1: cannot load certificate "/etc/nginx/my-site.com.crt": PEM_read_bio_X509_AUX() failed (SSL: error:0909006C:PEM routines:get_name:no start line:Expecting: TRUSTED CERTIFICATE)
2020/04/11 17:07:16 [emerg] 1#1: cannot load certificate "/etc/nginx/my-site.com.crt": PEM_read_bio_X509_AUX() failed (SSL: error:0909006C:PEM routines:get_name:no start line:Expecting: TRUSTED CERTIFICATE)
2020/04/11 17:08:16 [emerg] 1#1: cannot load certificate "/etc/nginx/my-site.com.crt": PEM_read_bio_X509_AUX() failed (SSL: error:0909006C:PEM routines:get_name:no start line:Expecting: TRUSTED CERTIFICATE)
2020/04/11 17:09:17 [emerg] 1#1: cannot load certificate "/etc/nginx/my-site.com.crt": PEM_read_bio_X509_AUX() failed (SSL: error:0909006C:PEM routines:get_name:no start line:Expecting: TRUSTED CERTIFICATE)
2020/04/11 17:10:17 [emerg] 1#1: cannot load certificate "/etc/nginx/my-site.com.crt": PEM_read_bio_X509_AUX() failed (SSL: error:0909006C:PEM routines:get_name:no start line:Expecting: TRUSTED CERTIFICATE)
2020/04/11 17:11:18 [emerg] 1#1: cannot load certificate "/etc/nginx/my-site.com.crt": PEM_read_bio_X509_AUX() failed (SSL: error:0909006C:PEM routines:get_name:no start line:Expecting: TRUSTED CERTIFICATE)
2020/04/11 17:12:18 [emerg] 1#1: cannot load certificate "/etc/nginx/my-site.com.crt": PEM_read_bio_X509_AUX() failed (SSL: error:0909006C:PEM routines:get_name:no start line:Expecting: TRUSTED CERTIFICATE)
2020/04/11 17:13:19 [emerg] 1#1: cannot load certificate "/etc/nginx/my-site.com.crt": PEM_read_bio_X509_AUX() failed (SSL: error:0909006C:PEM routines:get_name:no start line:Expecting: TRUSTED CERTIFICATE)
2020/04/11 17:14:19 [emerg] 1#1: cannot load certificate "/etc/nginx/wp.com.crt": BIO_new_file() failed (SSL: error:02001002:system library:fopen:No such file or directory:fopen('/etc/nginx/wp.com.crt','r') error:2006D080:BIO routines:BIO_new_file:no such file)
2020/04/11 17:15:20 [emerg] 1#1: cannot load certificate "/etc/nginx/wp.com.crt": BIO_new_file() failed (SSL: error:02001002:system library:fopen:No such file or directory:fopen('/etc/nginx/wp.com.crt','r') error:2006D080:BIO routines:BIO_new_file:no such file)
2020/04/11 17:16:35 [emerg] 1#1: cannot load certificate "/etc/nginx/wp.com.crt": BIO_new_file() failed (SSL: error:02001002:system library:fopen:No such file or directory:fopen('/etc/nginx/wp.com.crt','r') error:2006D080:BIO routines:BIO_new_file:no such file)
2020/04/11 17:16:36 [emerg] 1#1: cannot load certificate "/etc/nginx/wp.com.crt": BIO_new_file() failed (SSL: error:02001002:system library:fopen:No such file or directory:fopen('/etc/nginx/wp.com.crt','r') error:2006D080:BIO routines:BIO_new_file:no such file)
2020/04/11 17:16:37 [emerg] 1#1: cannot load certificate "/etc/nginx/wp.com.crt": BIO_new_file() failed (SSL: error:02001002:system library:fopen:No such file or directory:fopen('/etc/nginx/wp.com.crt','r') error:2006D080:BIO routines:BIO_new_file:no such file)
2020/04/11 17:16:38 [emerg] 1#1: cannot load certificate "/etc/nginx/wp.com.crt": BIO_new_file() failed (SSL: error:02001002:system library:fopen:No such file or directory:fopen('/etc/nginx/wp.com.crt','r') error:2006D080:BIO routines:BIO_new_file:no such file)
2020/04/11 17:16:39 [emerg] 1#1: cannot load certificate "/etc/nginx/wp.com.crt": BIO_new_file() failed (SSL: error:02001002:system library:fopen:No such file or directory:fopen('/etc/nginx/wp.com.crt','r') error:2006D080:BIO routines:BIO_new_file:no such file)
2020/04/11 17:16:41 [emerg] 1#1: cannot load certificate "/etc/nginx/wp.com.crt": BIO_new_file() failed (SSL: error:02001002:system library:fopen:No such file or directory:fopen('/etc/nginx/wp.com.crt','r') error:2006D080:BIO routines:BIO_new_file:no such file)
2020/04/11 17:16:45 [emerg] 1#1: cannot load certificate "/etc/nginx/wp.com.crt": BIO_new_file() failed (SSL: error:02001002:system library:fopen:No such file or directory:fopen('/etc/nginx/wp.com.crt','r') error:2006D080:BIO routines:BIO_new_file:no such file)
2020/04/11 17:16:52 [emerg] 1#1: cannot load certificate "/etc/nginx/wp.com.crt": BIO_new_file() failed (SSL: error:02001002:system library:fopen:No such file or directory:fopen('/etc/nginx/wp.com.crt','r') error:2006D080:BIO routines:BIO_new_file:no such file)
2020/04/11 17:17:05 [emerg] 1#1: cannot load certificate "/etc/nginx/wp.com.crt": BIO_new_file() failed (SSL: error:02001002:system library:fopen:No such file or directory:fopen('/etc/nginx/wp.com.crt','r') error:2006D080:BIO routines:BIO_new_file:no such file)
2020/04/11 17:17:32 [emerg] 1#1: cannot load certificate "/etc/nginx/wp.com.crt": BIO_new_file() failed (SSL: error:02001002:system library:fopen:No such file or directory:fopen('/etc/nginx/wp.com.crt','r') error:2006D080:BIO routines:BIO_new_file:no such file)
2020/04/11 17:18:06 [warn] 1#1: "ssl_stapling" ignored, issuer certificate not found for certificate "/etc/nginx/wp.com.crt"
2020/04/13 15:14:03 [warn] 1#1: "ssl_stapling" ignored, issuer certificate not found for certificate "/etc/nginx/wp.com.crt"
2020/04/13 15:33:44 [warn] 1#1: "ssl_stapling" ignored, issuer certificate not found for certificate "/etc/nginx/wp.com.crt"
2020/04/14 05:31:38 [warn] 1#1: "ssl_stapling" ignored, issuer certificate not found for certificate "/etc/nginx/wp.com.crt"
2020/04/15 09:33:36 [warn] 1#1: "ssl_stapling" ignored, issuer certificate not found for certificate "/etc/nginx/wp.com.crt"
